<?xml version="1.0" encoding="UTF-8"?>
<testng-results ignored="0" total="3" passed="3" failed="0" skipped="0">
  <reporter-output>
  </reporter-output>
  <suite started-at="2025-08-26T11:32:00 IST" name="Default suite" finished-at="2025-08-26T11:32:00 IST" duration-ms="100">
    <groups>
    </groups>
    <test started-at="2025-08-26T11:32:00 IST" name="Default test" finished-at="2025-08-26T11:32:00 IST" duration-ms="100">
      <class name="Test.TestDemo">
        <test-method is-config="true" signature="setup()[pri:0, instance:Test.TestDemo@2a65fe7c]" started-at="2025-08-26T11:32:00 IST" name="setup" finished-at="2025-08-26T11:32:00 IST" duration-ms="22" status="PASS">
          <reporter-output>
          </reporter-output>
        </test-method> <!-- setup -->
        <test-method signature="verifyTitle()[pri:0, instance:Test.TestDemo@2a65fe7c]" started-at="2025-08-26T11:32:00 IST" name="verifyTitle" finished-at="2025-08-26T11:32:00 IST" duration-ms="11" status="PASS">
          <reporter-output>
          </reporter-output>
        </test-method> <!-- verifyTitle -->
        <test-method signature="verifyPage()[pri:0, instance:Test.TestDemo@2a65fe7c]" started-at="2025-08-26T11:32:00 IST" name="verifyPage" finished-at="2025-08-26T11:32:00 IST" depends-on-methods="Test.TestDemo.verifyTitle" duration-ms="2" status="PASS">
          <reporter-output>
          </reporter-output>
        </test-method> <!-- verifyPage -->
        <test-method signature="verifyPage()[pri:0, instance:Test.TestDemo@2a65fe7c]" started-at="2025-08-26T11:32:00 IST" name="verifyPage" finished-at="2025-08-26T11:32:00 IST" depends-on-methods="Test.TestDemo.verifyTitle" duration-ms="1" status="PASS">
          <reporter-output>
          </reporter-output>
        </test-method> <!-- verifyPage -->
        <test-method is-config="true" signature="tearDown()[pri:0, instance:Test.TestDemo@2a65fe7c]" started-at="2025-08-26T11:32:00 IST" name="tearDown" finished-at="2025-08-26T11:32:00 IST" duration-ms="0" status="PASS">
          <reporter-output>
          </reporter-output>
        </test-method> <!-- tearDown -->
      </class> <!-- Test.TestDemo -->
    </test> <!-- Default test -->
  </suite> <!-- Default suite -->
</testng-results>
